<?xml version="1.0" encoding="UTF-8"?>
<!-- Generated by org.testng.reporters.JUnitReportReporter -->
<testsuite hostname="RAJRATNAA" failures="0" tests="2" name="com.com.GenerateReport.SecondClass" time="0.004" errors="0" timestamp="2022-12-13T20:34:21 IST" skipped="0">
  <testcase classname="com.com.GenerateReport.SecondClass" name="FeesPayment" time="0.002"/>
  <system-out/>
  <testcase classname="com.com.GenerateReport.SecondClass" name="TeacherLogin" time="0.002"/>
  <system-out/>
</testsuite> <!-- com.com.GenerateReport.SecondClass -->
