<?xml version="1.0" encoding="UTF-8"?>
<!-- Generated by org.testng.reporters.JUnitReportReporter -->
<testsuite hostname="RAJRATNAA" failures="0" tests="2" name="com.TestNG.TestClassNG" time="0.004" errors="0" timestamp="2022-12-13T19:52:35 IST" skipped="0">
  <testcase classname="com.TestNG.TestClassNG" name="testcase1" time="0.002"/>
  <system-out/>
  <testcase classname="com.TestNG.TestClassNG" name="testcase2" time="0.002"/>
  <system-out/>
</testsuite> <!-- com.TestNG.TestClassNG -->
