<?xml version="1.0" encoding="UTF-8"?>
<!-- Generated by org.testng.reporters.JUnitReportReporter -->
<testsuite hostname="RAJRATNAA" failures="0" tests="2" name="com.com.GenerateReport.FirstClass" time="0.011" errors="0" timestamp="2022-12-13T20:34:21 IST" skipped="0">
  <testcase classname="com.com.GenerateReport.FirstClass" name="AdmissionLogin" time="0.010"/>
  <system-out/>
  <testcase classname="com.com.GenerateReport.FirstClass" name="StudentLogin" time="0.001"/>
  <system-out/>
</testsuite> <!-- com.com.GenerateReport.FirstClass -->
