<?xml version="1.0" encoding="UTF-8"?>
<!-- Generated by org.testng.reporters.JUnitReportReporter -->
<testsuite hostname="RAJRATNAA" failures="0" tests="1" name="com.TestNG.Keywords" time="0.002" errors="0" timestamp="2022-12-13T19:52:35 IST" skipped="0">
  <testcase classname="com.TestNG.Keywords" name="TestCase1" time="0.002"/>
  <system-out/>
</testsuite> <!-- com.TestNG.Keywords -->
