<?xml version="1.0" encoding="UTF-8"?>
<!-- Generated by org.testng.reporters.JUnitReportReporter -->
<testsuite hostname="RAJRATNAA" failures="0" tests="7" name="Keywords.InvocationCount" time="0.012" errors="0" timestamp="2022-12-13T19:52:35 IST" skipped="0">
  <testcase classname="Keywords.InvocationCount" name="ForgotPasswordLink" time="0.005"/>
  <system-out/>
  <testcase classname="Keywords.InvocationCount" name="LoginPage" time="0.000"/>
  <system-out/>
  <testcase classname="Keywords.InvocationCount" name="SignUpPage" time="0.003"/>
  <system-out/>
  <testcase classname="Keywords.InvocationCount" name="HomePage" time="0.001"/>
  <system-out/>
  <testcase classname="Keywords.InvocationCount" name="HomePage" time="0.001"/>
  <system-out/>
  <testcase classname="Keywords.InvocationCount" name="LogOutPage" time="0.001"/>
  <system-out/>
  <testcase classname="Keywords.InvocationCount" name="HomePage" time="0.001"/>
  <system-out/>
</testsuite> <!-- Keywords.InvocationCount -->
