<?xml version="1.0" encoding="UTF-8"?>
<!-- Generated by org.testng.reporters.JUnitReportReporter -->
<testsuite hostname="RAJRATNAA" failures="0" tests="5" name="Keywords.Priority" time="0.005" errors="0" timestamp="2022-12-13T19:52:35 IST" skipped="0">
  <testcase classname="Keywords.Priority" name="SignUpPage" time="0.000"/>
  <system-out/>
  <testcase classname="Keywords.Priority" name="LoginPage" time="0.001"/>
  <system-out/>
  <testcase classname="Keywords.Priority" name="ForgotPasswordLink" time="0.001"/>
  <system-out/>
  <testcase classname="Keywords.Priority" name="HomePage" time="0.001"/>
  <system-out/>
  <testcase classname="Keywords.Priority" name="LogOutPage" time="0.002"/>
  <system-out/>
</testsuite> <!-- Keywords.Priority -->
