<?xml version="1.0" encoding="UTF-8"?>
<!-- Generated by org.testng.reporters.JUnitReportReporter -->
<testsuite hostname="RAJRATNAA" failures="0" tests="5" name="Keywords.Enabled" time="0.004" errors="0" timestamp="2022-12-13T19:52:35 IST" skipped="1">
  <testcase classname="Keywords.Enabled" name="SignUpPage" time="0.001"/>
  <system-out/>
  <testcase classname="Keywords.Enabled" name="LogOutPage" time="0.002"/>
  <system-out/>
  <testcase classname="Keywords.Enabled" name="HomePage" time="0.000"/>
  <system-out/>
  <testcase classname="Keywords.Enabled" name="LoginPage" time="0.001"/>
  <system-out/>
  <testcase classname="Keywords.Enabled" name="ForgotPasswordLink">
    <skipped/>
  </testcase> <!-- ForgotPasswordLink -->
  <system-out/>
</testsuite> <!-- Keywords.Enabled -->
