<?xml version="1.0" encoding="UTF-8"?>
<!-- Generated by org.testng.reporters.JUnitReportReporter -->
<testsuite hostname="RAJRATNAA" failures="0" tests="3" name="Keywords.Groups" time="0.014" errors="0" timestamp="2022-12-13T19:52:35 IST" skipped="0">
  <testcase classname="Keywords.Groups" name="technip" time="0.002"/>
  <system-out/>
  <testcase classname="Keywords.Groups" name="infosys" time="0.010"/>
  <system-out/>
  <testcase classname="Keywords.Groups" name="wipro" time="0.002"/>
  <system-out/>
</testsuite> <!-- Keywords.Groups -->
