<?xml version="1.0" encoding="UTF-8"?>
<!-- Generated by org.testng.reporters.JUnitReportReporter -->
<testsuite hostname="RAJRATNAA" failures="0" tests="3" name="Keywords.DependsOnMultipleMethods" time="0.007" errors="0" timestamp="2022-12-13T19:52:35 IST" skipped="0">
  <testcase classname="Keywords.DependsOnMultipleMethods" name="MobileStudentLogin" time="0.001"/>
  <system-out/>
  <testcase classname="Keywords.DependsOnMultipleMethods" name="APIStudentLogin" time="0.002"/>
  <system-out/>
  <testcase classname="Keywords.DependsOnMultipleMethods" name="WebStudentLogin" time="0.004"/>
  <system-out/>
</testsuite> <!-- Keywords.DependsOnMultipleMethods -->
