<?xml version="1.0" encoding="UTF-8"?>
<!-- Generated by org.testng.reporters.JUnitReportReporter -->
<testsuite hostname="RAJRATNAA" failures="0" tests="2" name="com.com.GenerateReport.ThirdClass" time="0.005" errors="0" timestamp="2022-12-13T20:34:21 IST" skipped="0">
  <testcase classname="com.com.GenerateReport.ThirdClass" name="ExamLogin" time="0.003"/>
  <system-out/>
  <testcase classname="com.com.GenerateReport.ThirdClass" name="Result" time="0.002"/>
  <system-out/>
</testsuite> <!-- com.com.GenerateReport.ThirdClass -->
